# JRE version: OpenJDK Runtime Environment Corretto-11.0.10.9.1 (11.0.10+9) (build 11.0.10+9-LTS)
# Java VM: OpenJDK 64-Bit Server VM Corretto-11.0.10.9.1 (11.0.10+9-LTS, mixed mode, tiered, compressed oops, g1 gc, windows-amd64)
Heap:
 garbage-first heap   total 229376K, used 156085K [0x0000000720c00000, 0x0000000800000000)
  region size 1024K, 129 young (132096K), 1 survivors (1024K)
 Metaspace       used 33866K, capacity 34994K, committed 35120K, reserved 1079296K
  class space    used 4206K, capacity 4665K, committed 4736K, reserved 1048576K
GC Heap History (12 events):
Event: 0.548 GC heap before
{Heap before GC invocations=0 (full 0):
 garbage-first heap   total 229376K, used 13312K [0x0000000720c00000, 0x0000000800000000)
  region size 1024K, 14 young (14336K), 0 survivors (0K)
 Metaspace       used 8724K, capacity 8982K, committed 9216K, reserved 1056768K
  class space    used 849K, capacity 960K, committed 1024K, reserved 1048576K
}
Event: 0.555 GC heap after
{Heap after GC invocations=1 (full 0):
 garbage-first heap   total 229376K, used 1840K [0x0000000720c00000, 0x0000000800000000)
  region size 1024K, 2 young (2048K), 2 survivors (2048K)
 Metaspace       used 8724K, capacity 8982K, committed 9216K, reserved 1056768K
  class space    used 849K, capacity 960K, committed 1024K, reserved 1048576K
}
Event: 2.401 GC heap before
{Heap before GC invocations=1 (full 0):
 garbage-first heap   total 229376K, used 54064K [0x0000000720c00000, 0x0000000800000000)
  region size 1024K, 43 young (44032K), 2 survivors (2048K)
 Metaspace       used 20571K, capacity 21194K, committed 21296K, reserved 1069056K
  class space    used 2422K, capacity 2680K, committed 2688K, reserved 1048576K
}
Event: 2.411 GC heap after
{Heap after GC invocations=2 (full 0):
 garbage-first heap   total 229376K, used 18821K [0x0000000720c00000, 0x0000000800000000)
  region size 1024K, 8 young (8192K), 8 survivors (8192K)
 Metaspace       used 20571K, capacity 21194K, committed 21296K, reserved 1069056K
  class space    used 2422K, capacity 2680K, committed 2688K, reserved 1048576K
}
Event: 23.475 GC heap before
{Heap before GC invocations=3 (full 0):
 garbage-first heap   total 229376K, used 63877K [0x0000000720c00000, 0x0000000800000000)
  region size 1024K, 51 young (52224K), 8 survivors (8192K)
 Metaspace       used 33337K, capacity 34370K, committed 34608K, reserved 1079296K
  class space    used 4168K, capacity 4609K, committed 4736K, reserved 1048576K
}
Event: 23.487 GC heap after
{Heap after GC invocations=4 (full 0):
 garbage-first heap   total 229376K, used 26310K [0x0000000720c00000, 0x0000000800000000)
  region size 1024K, 6 young (6144K), 6 survivors (6144K)
 Metaspace       used 33337K, capacity 34370K, committed 34608K, reserved 1079296K
  class space    used 4168K, capacity 4609K, committed 4736K, reserved 1048576K
}
Event: 48.991 GC heap before
{Heap before GC invocations=4 (full 0):
 garbage-first heap   total 229376K, used 89798K [0x0000000720c00000, 0x0000000800000000)
  region size 1024K, 68 young (69632K), 6 survivors (6144K)
 Metaspace       used 33862K, capacity 34930K, committed 35120K, reserved 1079296K
  class space    used 4206K, capacity 4665K, committed 4736K, reserved 1048576K
}
Event: 48.995 GC heap after
{Heap after GC invocations=5 (full 0):
 garbage-first heap   total 229376K, used 26739K [0x0000000720c00000, 0x0000000800000000)
  region size 1024K, 1 young (1024K), 1 survivors (1024K)
 Metaspace       used 33862K, capacity 34930K, committed 35120K, reserved 1079296K
  class space    used 4206K, capacity 4665K, committed 4736K, reserved 1048576K
}
Event: 56.243 GC heap before
{Heap before GC invocations=5 (full 0):
 garbage-first heap   total 229376K, used 149619K [0x0000000720c00000, 0x0000000800000000)
  region size 1024K, 121 young (123904K), 1 survivors (1024K)
 Metaspace       used 33862K, capacity 34930K, committed 35120K, reserved 1079296K
  class space    used 4206K, capacity 4665K, committed 4736K, reserved 1048576K
}
Event: 56.244 GC heap after
{Heap after GC invocations=6 (full 0):
 garbage-first heap   total 229376K, used 26152K [0x0000000720c00000, 0x0000000800000000)
  region size 1024K, 1 young (1024K), 1 survivors (1024K)
 Metaspace       used 33862K, capacity 34930K, committed 35120K, reserved 1079296K
  class space    used 4206K, capacity 4665K, committed 4736K, reserved 1048576K
}
Event: 64.445 GC heap before
{Heap before GC invocations=6 (full 0):
 garbage-first heap   total 229376K, used 162344K [0x0000000720c00000, 0x0000000800000000)
  region size 1024K, 134 young (137216K), 1 survivors (1024K)
 Metaspace       used 33862K, capacity 34930K, committed 35120K, reserved 1079296K
  class space    used 4206K, capacity 4665K, committed 4736K, reserved 1048576K
}
Event: 64.446 GC heap after
{Heap after GC invocations=7 (full 0):
 garbage-first heap   total 229376K, used 26037K [0x0000000720c00000, 0x0000000800000000)
  region size 1024K, 1 young (1024K), 1 survivors (1024K)
 Metaspace       used 33862K, capacity 34930K, committed 35120K, reserved 1079296K
  class space    used 4206K, capacity 4665K, committed 4736K, reserved 1048576K
}

